Start time: 16:37:07 on Feb 14,2025
qverilog priority.sv 
-- Compiling module tb

Top level modules:
	tb
# vsim tb -c -do "run -all; quit -f" -appendlog -l qverilog.log -vopt 
# ** Note: (vsim-3813) Design is being optimized due to module recompilation...
# ** Warning: priority.sv(12): (vopt-2589) No condition is true in the unique/priority if statement
# //  Questa Sim-64
# //  Version 10.6b linux_x86_64 May 25 2017
# //
# //  Copyright 1991-2017 Mentor Graphics Corporation
# //  All Rights Reserved.
# //
# //  QuestaSim and its associated documentation contain trade
# //  secrets and commercial or financial information that are the property of
# //  Mentor Graphics Corporation and are privileged, confidential,
# //  and exempt from disclosure under the Freedom of Information Act,
# //  5 U.S.C. Section 552. Furthermore, this information
# //  is prohibited from disclosure under the Trade Secrets Act,
# //  18 U.S.C. Section 1905.
# //
# Loading sv_std.std
# Loading work.tb(fast)
# run -all
# x is neither 3 nor 5
# ** Warning: (vsim-8315) priority.sv(12): No condition is true in the unique/priority if/case statement.
#    Time: 0 ns  Iteration: 0  Instance: /tb
#  quit -f
# End time: 16:37:08 on Feb 14,2025, Elapsed time: 0:00:01
# Errors: 0, Warnings: 2
