Start time: 12:30:54 on Feb 17,2025
qverilog super2.sv 
-- Compiling package super2_sv_unit
** Warning: super2.sv(11): (qverilog-2240) Treating stand-alone use of function 'display' as an implicit VOID cast.
-- Compiling module tb
** Warning: super2.sv(27): (qverilog-2240) Treating stand-alone use of function 'display' as an implicit VOID cast.

Top level modules:
	tb
# vsim super2_sv_unit tb -c -do "run -all; quit -f" -appendlog -l qverilog.log -vopt 
# ** Note: (vsim-8009) Loading existing optimized design _opt
# //  Questa Sim-64
# //  Version 10.6b linux_x86_64 May 25 2017
# //
# //  Copyright 1991-2017 Mentor Graphics Corporation
# //  All Rights Reserved.
# //
# //  QuestaSim and its associated documentation contain trade
# //  secrets and commercial or financial information that are the property of
# //  Mentor Graphics Corporation and are privileged, confidential,
# //  and exempt from disclosure under the Freedom of Information Act,
# //  5 U.S.C. Section 552. Furthermore, this information
# //  is prohibited from disclosure under the Trade Secrets Act,
# //  18 U.S.C. Section 1905.
# //
# Loading sv_std.std
# Loading work.super2_sv_unit(fast)
# Loading work.tb(fast)
# run -all
# [Base] addr=0x0
# [Child] addr=0x0
#  quit -f
# End time: 12:30:55 on Feb 17,2025, Elapsed time: 0:00:01
# Errors: 0, Warnings: 2
