Start time: 16:24:37 on Feb 14,2025
qverilog queue.sv 
-- Compiling module fe

Top level modules:
	fe
# vsim fe -c -do "run -all; quit -f" -appendlog -l qverilog.log -vopt 
# ** Note: (vsim-3812) Design is being optimized...
# //  Questa Sim-64
# //  Version 10.6b linux_x86_64 May 25 2017
# //
# //  Copyright 1991-2017 Mentor Graphics Corporation
# //  All Rights Reserved.
# //
# //  QuestaSim and its associated documentation contain trade
# //  secrets and commercial or financial information that are the property of
# //  Mentor Graphics Corporation and are privileged, confidential,
# //  and exempt from disclosure under the Freedom of Information Act,
# //  5 U.S.C. Section 552. Furthermore, this information
# //  is prohibited from disclosure under the Trade Secrets Act,
# //  18 U.S.C. Section 1905.
# //
# Loading sv_std.std
# Loading work.fe(fast)
# run -all
#           0
#           2
#           3
#           4
#           8
#  quit -f
# End time: 16:24:38 on Feb 14,2025, Elapsed time: 0:00:01
# Errors: 0, Warnings: 0
